<?xml version="1.0" encoding="UTF-8"?>
<coverage generated="1756140402">
  <project timestamp="1756140402" name="Clover Coverage">
    <package name="ProjectSaturnStudios\Xfer\Actions\FileTransfer">
      <file name="/Users/angelgonzalez/Herd/cleaner.rdmintegrations/projectsaturnstudios/x-fer/src/Actions/FileTransfer/TransferFilesAction.php">
        <class name="ProjectSaturnStudios\Xfer\Actions\FileTransfer\TransferFilesAction" namespace="ProjectSaturnStudios\Xfer\Actions\FileTransfer">
          <metrics complexity="1" methods="1" coveredmethods="1" conditionals="0" coveredconditionals="0" statements="1" coveredstatements="1" elements="2" coveredelements="2"/>
        </class>
        <line num="14" type="method" name="handle" visibility="public" complexity="1" crap="1" count="9"/>
        <line num="16" type="stmt" count="9"/>
        <metrics loc="19" ncloc="14" classes="1" methods="1" coveredmethods="1" conditionals="0" coveredconditionals="0" statements="1" coveredstatements="1" elements="2" coveredelements="2"/>
      </file>
    </package>
    <file name="/Users/angelgonzalez/Herd/cleaner.rdmintegrations/projectsaturnstudios/x-fer/src/Contracts/FileObject.php">
      <metrics loc="22" ncloc="11" classes="0" methods="0" coveredmethods="0" conditionals="0" coveredconditionals="0" statements="0" coveredstatements="0" elements="0" coveredelements="0"/>
    </file>
    <file name="/Users/angelgonzalez/Herd/cleaner.rdmintegrations/projectsaturnstudios/x-fer/src/Contracts/TransferResult.php">
      <metrics loc="15" ncloc="15" classes="0" methods="0" coveredmethods="0" conditionals="0" coveredconditionals="0" statements="0" coveredstatements="0" elements="0" coveredelements="0"/>
    </file>
    <package name="ProjectSaturnStudios\Xfer\DTO\Transfers">
      <file name="/Users/angelgonzalez/Herd/cleaner.rdmintegrations/projectsaturnstudios/x-fer/src/DTO/Transfers/FileObject.php">
        <class name="ProjectSaturnStudios\Xfer\DTO\Transfers\FileObject" namespace="ProjectSaturnStudios\Xfer\DTO\Transfers">
          <metrics complexity="3" methods="3" coveredmethods="3" conditionals="0" coveredconditionals="0" statements="3" coveredstatements="3" elements="6" coveredelements="6"/>
        </class>
        <line num="11" type="method" name="__construct" visibility="public" complexity="1" crap="1" count="23"/>
        <line num="14" type="stmt" count="23"/>
        <line num="19" type="method" name="contents" visibility="public" complexity="1" crap="1" count="14"/>
        <line num="21" type="stmt" count="14"/>
        <line num="24" type="method" name="write" visibility="public" complexity="1" crap="1" count="11"/>
        <line num="26" type="stmt" count="11"/>
        <metrics loc="29" ncloc="26" classes="1" methods="3" coveredmethods="3" conditionals="0" coveredconditionals="0" statements="3" coveredstatements="3" elements="6" coveredelements="6"/>
      </file>
      <file name="/Users/angelgonzalez/Herd/cleaner.rdmintegrations/projectsaturnstudios/x-fer/src/DTO/Transfers/TransferResultFailure.php">
        <class name="ProjectSaturnStudios\Xfer\DTO\Transfers\TransferResultFailure" namespace="ProjectSaturnStudios\Xfer\DTO\Transfers">
          <metrics complexity="4" methods="4" coveredmethods="0" conditionals="0" coveredconditionals="0" statements="4" coveredstatements="0" elements="8" coveredelements="0"/>
        </class>
        <line num="11" type="method" name="__construct" visibility="public" complexity="1" crap="2" count="0"/>
        <line num="14" type="stmt" count="0"/>
        <line num="16" type="method" name="success" visibility="public" complexity="1" crap="2" count="0"/>
        <line num="18" type="stmt" count="0"/>
        <line num="21" type="method" name="exception" visibility="public" complexity="1" crap="2" count="0"/>
        <line num="23" type="stmt" count="0"/>
        <line num="26" type="method" name="message" visibility="public" complexity="1" crap="2" count="0"/>
        <line num="28" type="stmt" count="0"/>
        <metrics loc="31" ncloc="31" classes="1" methods="4" coveredmethods="0" conditionals="0" coveredconditionals="0" statements="4" coveredstatements="0" elements="8" coveredelements="0"/>
      </file>
      <file name="/Users/angelgonzalez/Herd/cleaner.rdmintegrations/projectsaturnstudios/x-fer/src/DTO/Transfers/TransferResultSuccess.php">
        <class name="ProjectSaturnStudios\Xfer\DTO\Transfers\TransferResultSuccess" namespace="ProjectSaturnStudios\Xfer\DTO\Transfers">
          <metrics complexity="4" methods="4" coveredmethods="0" conditionals="0" coveredconditionals="0" statements="4" coveredstatements="0" elements="8" coveredelements="0"/>
        </class>
        <line num="11" type="method" name="__construct" visibility="public" complexity="1" crap="2" count="0"/>
        <line num="17" type="stmt" count="0"/>
        <line num="19" type="method" name="success" visibility="public" complexity="1" crap="2" count="0"/>
        <line num="21" type="stmt" count="0"/>
        <line num="24" type="method" name="exception" visibility="public" complexity="1" crap="2" count="0"/>
        <line num="26" type="stmt" count="0"/>
        <line num="29" type="method" name="message" visibility="public" complexity="1" crap="2" count="0"/>
        <line num="31" type="stmt" count="0"/>
        <metrics loc="35" ncloc="35" classes="1" methods="4" coveredmethods="0" conditionals="0" coveredconditionals="0" statements="4" coveredstatements="0" elements="8" coveredelements="0"/>
      </file>
    </package>
    <package name="ProjectSaturnStudios\Xfer\Events">
      <file name="/Users/angelgonzalez/Herd/cleaner.rdmintegrations/projectsaturnstudios/x-fer/src/Events/FileTransferFailed.php">
        <class name="ProjectSaturnStudios\Xfer\Events\FileTransferFailed" namespace="ProjectSaturnStudios\Xfer\Events">
          <metrics complexity="2" methods="2" coveredmethods="0" conditionals="0" coveredconditionals="0" statements="4" coveredstatements="0" elements="6" coveredelements="0"/>
        </class>
        <line num="17" type="method" name="__construct" visibility="public" complexity="1" crap="2" count="0"/>
        <line num="20" type="stmt" count="0"/>
        <line num="27" type="method" name="broadcastOn" visibility="public" complexity="1" crap="2" count="0"/>
        <line num="29" type="stmt" count="0"/>
        <line num="30" type="stmt" count="0"/>
        <line num="31" type="stmt" count="0"/>
        <metrics loc="34" ncloc="25" classes="1" methods="2" coveredmethods="0" conditionals="0" coveredconditionals="0" statements="4" coveredstatements="0" elements="6" coveredelements="0"/>
      </file>
      <file name="/Users/angelgonzalez/Herd/cleaner.rdmintegrations/projectsaturnstudios/x-fer/src/Events/FileTransferFinished.php">
        <class name="ProjectSaturnStudios\Xfer\Events\FileTransferFinished" namespace="ProjectSaturnStudios\Xfer\Events">
          <metrics complexity="2" methods="2" coveredmethods="0" conditionals="0" coveredconditionals="0" statements="4" coveredstatements="0" elements="6" coveredelements="0"/>
        </class>
        <line num="17" type="method" name="__construct" visibility="public" complexity="1" crap="2" count="0"/>
        <line num="20" type="stmt" count="0"/>
        <line num="27" type="method" name="broadcastOn" visibility="public" complexity="1" crap="2" count="0"/>
        <line num="29" type="stmt" count="0"/>
        <line num="30" type="stmt" count="0"/>
        <line num="31" type="stmt" count="0"/>
        <metrics loc="34" ncloc="25" classes="1" methods="2" coveredmethods="0" conditionals="0" coveredconditionals="0" statements="4" coveredstatements="0" elements="6" coveredelements="0"/>
      </file>
      <file name="/Users/angelgonzalez/Herd/cleaner.rdmintegrations/projectsaturnstudios/x-fer/src/Events/FileTransferStarted.php">
        <class name="ProjectSaturnStudios\Xfer\Events\FileTransferStarted" namespace="ProjectSaturnStudios\Xfer\Events">
          <metrics complexity="2" methods="2" coveredmethods="0" conditionals="0" coveredconditionals="0" statements="4" coveredstatements="0" elements="6" coveredelements="0"/>
        </class>
        <line num="17" type="method" name="__construct" visibility="public" complexity="1" crap="2" count="0"/>
        <line num="20" type="stmt" count="0"/>
        <line num="27" type="method" name="broadcastOn" visibility="public" complexity="1" crap="2" count="0"/>
        <line num="29" type="stmt" count="0"/>
        <line num="30" type="stmt" count="0"/>
        <line num="31" type="stmt" count="0"/>
        <metrics loc="34" ncloc="25" classes="1" methods="2" coveredmethods="0" conditionals="0" coveredconditionals="0" statements="4" coveredstatements="0" elements="6" coveredelements="0"/>
      </file>
    </package>
    <package name="ProjectSaturnStudios\Xfer\Support\Facades">
      <file name="/Users/angelgonzalez/Herd/cleaner.rdmintegrations/projectsaturnstudios/x-fer/src/Support/Facades/CopyFile.php">
        <class name="ProjectSaturnStudios\Xfer\Support\Facades\CopyFiles" namespace="ProjectSaturnStudios\Xfer\Support\Facades">
          <metrics complexity="1" methods="1" coveredmethods="0" conditionals="0" coveredconditionals="0" statements="1" coveredstatements="0" elements="2" coveredelements="0"/>
        </class>
        <line num="10" type="method" name="getFacadeAccessor" visibility="protected" complexity="1" crap="2" count="0"/>
        <line num="12" type="stmt" count="0"/>
        <metrics loc="15" ncloc="15" classes="1" methods="1" coveredmethods="0" conditionals="0" coveredconditionals="0" statements="1" coveredstatements="0" elements="2" coveredelements="0"/>
      </file>
    </package>
    <package name="ProjectSaturnStudios\Xfer">
      <file name="/Users/angelgonzalez/Herd/cleaner.rdmintegrations/projectsaturnstudios/x-fer/src/Xfer.php">
        <class name="ProjectSaturnStudios\Xfer\Xfer" namespace="ProjectSaturnStudios\Xfer">
          <metrics complexity="8" methods="5" coveredmethods="0" conditionals="0" coveredconditionals="0" statements="10" coveredstatements="0" elements="15" coveredelements="0"/>
        </class>
        <line num="12" type="method" name="__construct" visibility="public" complexity="1" crap="2" count="0"/>
        <line num="16" type="stmt" count="0"/>
        <line num="18" type="method" name="from" visibility="public" complexity="1" crap="2" count="0"/>
        <line num="20" type="stmt" count="0"/>
        <line num="21" type="stmt" count="0"/>
        <line num="24" type="method" name="to" visibility="public" complexity="1" crap="2" count="0"/>
        <line num="26" type="stmt" count="0"/>
        <line num="27" type="stmt" count="0"/>
        <line num="30" type="method" name="transfer" visibility="public" complexity="4" crap="20" count="0"/>
        <line num="32" type="stmt" count="0"/>
        <line num="33" type="stmt" count="0"/>
        <line num="34" type="stmt" count="0"/>
        <line num="35" type="stmt" count="0"/>
        <line num="38" type="method" name="send" visibility="protected" complexity="1" crap="2" count="0"/>
        <line num="41" type="stmt" count="0"/>
        <metrics loc="43" ncloc="43" classes="1" methods="5" coveredmethods="0" conditionals="0" coveredconditionals="0" statements="10" coveredstatements="0" elements="15" coveredelements="0"/>
      </file>
    </package>
    <metrics files="11" loc="311" ncloc="265" classes="9" methods="24" coveredmethods="4" conditionals="0" coveredconditionals="0" statements="35" coveredstatements="4" elements="59" coveredelements="8"/>
  </project>
</coverage>
